<?xml version="1.0" encoding="UTF-8"?>
<!-- Generated by org.testng.reporters.JUnitReportReporter -->
<testsuite hostname="DESKTOP-LQR435P" failures="0" tests="1" name="testcases.SoftAssert" time="0.020" errors="0" timestamp="2022-07-27T20:06:22 IST" skipped="0">
  <testcase classname="testcases.SoftAssert" name="testAssetions" time="0.020"/>
  <system-out/>
</testsuite> <!-- testcases.SoftAssert -->
