<?xml version="1.0" encoding="UTF-8"?>
<!-- Generated by org.testng.reporters.JUnitReportReporter -->
<testsuite hostname="DESKTOP-LQR435P" failures="0" tests="1" name="ddTest" time="0.018" errors="1" timestamp="2022-08-02T13:33:00 IST" skipped="0">
  <testcase classname="ddTest" name="f" time="0.018">
    <error message="Unresolved compilation problems: 
	Syntax error, insert &quot;, TypeArgument1&quot; to complete TypeArgumentList1
	Syntax error, insert &quot;super ( ) ;&quot; to complete BlockStatements
	Syntax error, insert &quot;;&quot; to complete LocalVariableDeclarationStatement
	Syntax error on token &quot;&gt;&quot;, invalid Expression
	Syntax error, insert &quot;: Expression&quot; to complete Expression
	Syntax error, insert &quot;;&quot; to complete Statement
	Syntax error on token &quot;SYSTEM&quot;, = expected after this token
	Syntax error on token(s), misplaced construct(s)
	Syntax error, insert &quot;:: IdentifierOrNew&quot; to complete ReferenceExpression
	Syntax error, insert &quot;;&quot; to complete LocalVariableDeclarationStatement
	Syntax error on token &quot;&lt;&quot;, delete this token
	Syntax error on token(s), misplaced construct(s)
	Syntax error, insert &quot;:: IdentifierOrNew&quot; to complete ReferenceExpression
	Syntax error, insert &quot;;&quot; to complete Statement
	Syntax error, insert &quot;;&quot; to complete Statement
	Syntax error on token &quot;&gt;&quot;, invalid Expression
	Syntax error, insert &quot;:: IdentifierOrNew&quot; to complete ReferenceExpression
	Syntax error, insert &quot;;&quot; to complete Statement
	Syntax error, insert &quot;;&quot; to complete Statement
	Syntax error on token(s), misplaced construct(s)
	Syntax error on token(s), misplaced construct(s)
	Syntax error, insert &quot;:: IdentifierOrNew&quot; to complete ReferenceExpression
	Syntax error, insert &quot;;&quot; to complete Statement
	Syntax error on token &quot;thread&quot;, delete this token
	Syntax error on token &quot;=&quot;, &lt;= expected
	Syntax error on token &quot;&lt;&quot;, delete this token
	Syntax error on token &quot;&lt;&quot;, delete this token
	Syntax error on token &quot;&lt;&quot;, delete this token
	Syntax error on token &quot;!&quot;, Expression expected
	Syntax error, insert &quot;:: IdentifierOrNew&quot; to complete ReferenceExpression
	Syntax error, insert &quot;;&quot; to complete Statement
	Syntax error on token &quot;&lt;&quot;, invalid Expression
	Syntax error on tokens, Expression expected instead
	Syntax error on token &quot;&lt;&quot;, invalid Expression
	Syntax error on token &quot;&lt;&quot;, delete this token
	Syntax error on tokens, ( expected instead
	Syntax error on tokens, Expression expected instead
	Syntax error on token &quot;&lt;&quot;, invalid Expression
	Syntax error on token &quot;&lt;&quot;, delete this token
	Syntax error on token &quot;&lt;&quot;, invalid Expression
	Syntax error, insert &quot;)&quot; to complete Expression
	Syntax error, insert &quot;;&quot; to complete Statement
" type="java.lang.Error">
      <![CDATA[java.lang.Error: Unresolved compilation problems: 
Syntax error, insert ", TypeArgument1" to complete TypeArgumentList1
Syntax error, insert "super ( ) ;" to complete BlockStatements
Syntax error, insert ";" to complete LocalVariableDeclarationStatement
Syntax error on token ">", invalid Expression
Syntax error, insert ": Expression" to complete Expression
Syntax error, insert ";" to complete Statement
Syntax error on token "SYSTEM", = expected after this token
Syntax error on token(s), misplaced construct(s)
Syntax error, insert ":: IdentifierOrNew" to complete ReferenceExpression
Syntax error, insert ";" to complete LocalVariableDeclarationStatement
Syntax error on token "<", delete this token
Syntax error on token(s), misplaced construct(s)
Syntax error, insert ":: IdentifierOrNew" to complete ReferenceExpression
Syntax error, insert ";" to complete Statement
Syntax error, insert ";" to complete Statement
Syntax error on token ">", invalid Expression
Syntax error, insert ":: IdentifierOrNew" to complete ReferenceExpression
Syntax error, insert ";" to complete Statement
Syntax error, insert ";" to complete Statement
Syntax error on token(s), misplaced construct(s)
Syntax error on token(s), misplaced construct(s)
Syntax error, insert ":: IdentifierOrNew" to complete ReferenceExpression
Syntax error, insert ";" to complete Statement
Syntax error on token "thread", delete this token
Syntax error on token "=", <= expected
Syntax error on token "<", delete this token
Syntax error on token "<", delete this token
Syntax error on token "<", delete this token
Syntax error on token "!", Expression expected
Syntax error, insert ":: IdentifierOrNew" to complete ReferenceExpression
Syntax error, insert ";" to complete Statement
Syntax error on token "<", invalid Expression
Syntax error on tokens, Expression expected instead
Syntax error on token "<", invalid Expression
Syntax error on token "<", delete this token
Syntax error on tokens, ( expected instead
Syntax error on tokens, Expression expected instead
Syntax error on token "<", invalid Expression
Syntax error on token "<", delete this token
Syntax error on token "<", invalid Expression
Syntax error, insert ")" to complete Expression
Syntax error, insert ";" to complete Statement

at ddTest.f(ddTest.java:5)
at java.base/jdk.internal.reflect.DirectMethodHandleAccessor.invoke(DirectMethodHandleAccessor.java:104)
at java.base/java.lang.reflect.Method.invoke(Method.java:577)
at org.testng.internal.MethodInvocationHelper.invokeMethod(MethodInvocationHelper.java:133)
at org.testng.internal.TestInvoker.invokeMethod(TestInvoker.java:598)
at org.testng.internal.TestInvoker.invokeTestMethod(TestInvoker.java:173)
at org.testng.internal.MethodRunner.runInSequence(MethodRunner.java:46)
at org.testng.internal.TestInvoker$MethodInvocationAgent.invoke(TestInvoker.java:824)
at org.testng.internal.TestInvoker.invokeTestMethods(TestInvoker.java:146)
at org.testng.internal.TestMethodWorker.invokeTestMethods(TestMethodWorker.java:146)
at org.testng.internal.TestMethodWorker.run(TestMethodWorker.java:128)
at java.base/java.util.ArrayList.forEach(ArrayList.java:1511)
at org.testng.TestRunner.privateRun(TestRunner.java:794)
at org.testng.TestRunner.run(TestRunner.java:596)
at org.testng.SuiteRunner.runTest(SuiteRunner.java:377)
at org.testng.SuiteRunner.runSequentially(SuiteRunner.java:371)
at org.testng.SuiteRunner.privateRun(SuiteRunner.java:332)
at org.testng.SuiteRunner.run(SuiteRunner.java:276)
at org.testng.SuiteRunnerWorker.runSuite(SuiteRunnerWorker.java:53)
at org.testng.SuiteRunnerWorker.run(SuiteRunnerWorker.java:96)
at org.testng.TestNG.runSuitesSequentially(TestNG.java:1212)
at org.testng.TestNG.runSuitesLocally(TestNG.java:1134)
at org.testng.TestNG.runSuites(TestNG.java:1063)
at org.testng.TestNG.run(TestNG.java:1031)
at org.testng.remote.AbstractRemoteTestNG.run(AbstractRemoteTestNG.java:115)
at org.testng.remote.RemoteTestNG.initAndRun(RemoteTestNG.java:251)
at org.testng.remote.RemoteTestNG.main(RemoteTestNG.java:77)
]]>
    </error>
  </testcase> <!-- f -->
  <system-out/>
</testsuite> <!-- ddTest -->
