<?xml version="1.0" encoding="UTF-8"?>
<!-- Generated by org.testng.reporters.JUnitReportReporter -->
<testsuite hostname="DESKTOP-LQR435P" failures="0" tests="1" name="testcases.TestngClass" time="0.009" errors="0" timestamp="2022-07-27T17:44:36 IST" skipped="0">
  <testcase classname="testcases.TestngClass" name="f" time="0.009"/>
  <system-out/>
</testsuite> <!-- testcases.TestngClass -->
