<?xml version="1.0" encoding="UTF-8"?>
<!-- Generated by org.testng.reporters.JUnitReportReporter -->
<testsuite hostname="DESKTOP-LQR435P" failures="0" tests="2" name="maven.project.kn" time="0.015" errors="0" timestamp="2022-07-26T18:59:49 IST" skipped="0">
  <testcase classname="maven.project.kn" name="anotations2" time="0.004"/>
  <system-out/>
  <testcase classname="maven.project.kn" name="anotations1" time="0.011"/>
  <system-out/>
</testsuite> <!-- maven.project.kn -->
