<?xml version="1.0" encoding="UTF-8"?>
<!-- Generated by org.testng.reporters.JUnitReportReporter -->
<testsuite hostname="DESKTOP-LQR435P" failures="0" tests="1" name="testcases.HandalingMultipleElements" time="84.685" errors="0" timestamp="2022-07-31T14:11:50 IST" skipped="0">
  <testcase classname="testcases.HandalingMultipleElements" name="handalingMultipleElements" time="84.685"/>
  <system-out/>
</testsuite> <!-- testcases.HandalingMultipleElements -->
