<?xml version="1.0" encoding="UTF-8"?>
<!-- Generated by org.testng.reporters.JUnitReportReporter -->
<testsuite hostname="DESKTOP-LQR435P" failures="0" tests="1" name="testcases.ListnerUsage" time="0.015" errors="0" timestamp="2022-07-27T18:13:20 IST" skipped="0">
  <testcase classname="testcases.ListnerUsage" name="test" time="0.015"/>
  <system-out/>
</testsuite> <!-- testcases.ListnerUsage -->
