<?xml version="1.0" encoding="UTF-8"?>
<!-- Generated by org.testng.reporters.JUnitReportReporter -->
<testsuite hostname="DESKTOP-LQR435P" failures="0" tests="3" name="testpackage.SetPriority" time="0.018" errors="0" timestamp="2022-07-27T18:02:01 IST" skipped="1">
  <testcase classname="testpackage.SetPriority" name="test1" time="0.015"/>
  <system-out/>
  <testcase classname="testpackage.SetPriority" name="test3" time="0.003"/>
  <system-out/>
  <testcase classname="testpackage.SetPriority" name="test2">
    <skipped/>
  </testcase> <!-- test2 -->
  <system-out/>
</testsuite> <!-- testpackage.SetPriority -->
