<?xml version="1.0" encoding="UTF-8"?>
<!-- Generated by org.testng.reporters.JUnitReportReporter -->
<testsuite hostname="DESKTOP-LQR435P" failures="0" tests="2" name="testcases.TestngAnnotations" time="0.011" errors="0" timestamp="2022-08-02T13:57:23 IST" skipped="0">
  <testcase classname="testcases.TestngAnnotations" name="anotations2" time="0.002"/>
  <system-out/>
  <testcase classname="testcases.TestngAnnotations" name="anotations1" time="0.009"/>
  <system-out/>
</testsuite> <!-- testcases.TestngAnnotations -->
