<?xml version="1.0" encoding="UTF-8"?>
<!-- Generated by org.testng.reporters.JUnitReportReporter -->
<testsuite hostname="DESKTOP-LQR435P" failures="0" tests="3" name="testcases.SetPriority" time="0.018" errors="0" timestamp="2022-07-27T18:09:09 IST" skipped="1">
  <testcase classname="testcases.SetPriority" name="test1" time="0.016"/>
  <system-out/>
  <testcase classname="testcases.SetPriority" name="test3" time="0.002"/>
  <system-out/>
  <testcase classname="testcases.SetPriority" name="test2">
    <skipped/>
  </testcase> <!-- test2 -->
  <system-out/>
</testsuite> <!-- testcases.SetPriority -->
