<?xml version="1.0" encoding="UTF-8"?>
<!-- Generated by org.testng.reporters.JUnitReportReporter -->
<testsuite hostname="DESKTOP-LQR435P" failures="0" tests="2" name="maven.project.TestngAnnotations" time="0.016" errors="0" timestamp="2022-07-26T18:57:34 IST" skipped="0">
  <testcase classname="maven.project.TestngAnnotations" name="anotations2" time="0.004"/>
  <system-out/>
  <testcase classname="maven.project.TestngAnnotations" name="anotations1" time="0.012"/>
  <system-out/>
</testsuite> <!-- maven.project.TestngAnnotations -->
